<?xml version="1.0" encoding="UTF-8"?>
<testsuite name="Visa conformation Test"
           tests="7"
           failures="0"
           errors="0"
           skipped="0"
           time="30.373">
  <properties />
  
  
            <testcase name="verifyThatUserShouldLogOutSuccessFully" time="8.775" classname="com.automation.testsuits.SignPageTest" />
                <testcase name="verifyTheErrorMessageWithInValidCredentials" time="2.934" classname="com.automation.testsuits.SignPageTest" />
                <testcase name="verifyTheErrorMessageWithInValidCredentials" time="4.159" classname="com.automation.testsuits.SignPageTest" />
                <testcase name="verifyTheErrorMessageWithInValidCredentials" time="3.232" classname="com.automation.testsuits.SignPageTest" />
                <testcase name="userShouldNavigateToSignInPageSuccessFully" time="1.634" classname="com.automation.testsuits.SignPageTest" />
                <testcase name="verifyThatUserShouldLogInSuccessFullyWithValidCredentials" time="6.147" classname="com.automation.testsuits.SignPageTest" />
                <testcase name="verifyTheErrorMessageWithInValidCredentials" time="3.492" classname="com.automation.testsuits.SignPageTest" />
      
</testsuite>
