<?xml version="1.0" encoding="UTF-8"?>
<!-- Generated by org.testng.reporters.JUnitXMLReporter -->
<testsuite hostname="LAPTOP-UEJFETJP" ignored="0" name="Visa conformation Test" tests="10" failures="0" timestamp="2022-05-10T22:48:33 BST" time="98.511" errors="0">
  <testcase name="verifyThatUserShouldCreateAccountSuccessfully" time="7.279" classname="com.automation.testsuits.CreateAccountPageTest"/>
  <testcase name="userShouldNavigateToSignInPageSuccessFully" time="1.634" classname="com.automation.testsuits.SignPageTest"/>
  <testcase name="verifyThatUserShouldLogInSuccessFullyWithValidCredentials" time="6.147" classname="com.automation.testsuits.SignPageTest"/>
  <testcase name="verifyThatUserShouldLogOutSuccessFully" time="8.775" classname="com.automation.testsuits.SignPageTest"/>
  <testcase name="verifyTheErrorMessageWithInValidCredentials" time="3.492" classname="com.automation.testsuits.SignPageTest"/>
  <testcase name="verifyTheErrorMessageWithInValidCredentials" time="2.934" classname="com.automation.testsuits.SignPageTest"/>
  <testcase name="verifyTheErrorMessageWithInValidCredentials" time="4.159" classname="com.automation.testsuits.SignPageTest"/>
  <testcase name="verifyTheErrorMessageWithInValidCredentials" time="3.232" classname="com.automation.testsuits.SignPageTest"/>
  <testcase name="verifyUserShouldAddProductToTheCartSuccessfully" time="11.444" classname="com.automation.testsuits.WomenCategoryPageTest"/>
  <testcase name="verifyUserShouldNavigateToWomenCategoryPageSuccessfully" time="2.05" classname="com.automation.testsuits.WomenCategoryPageTest"/>
</testsuite> <!-- Visa conformation Test -->
